<?xml version="1.0" encoding="UTF-8"?>
<testng-results skipped="0" failed="0" total="2" passed="2">
  <reporter-output>
  </reporter-output>
  <suite name="Default suite" duration-ms="549" started-at="2020-08-11T16:02:46Z" finished-at="2020-08-11T16:02:47Z">
    <groups>
    </groups>
    <test name="Default test" duration-ms="549" started-at="2020-08-11T16:02:46Z" finished-at="2020-08-11T16:02:47Z">
      <class name="ssc.MockitoTest">
        <test-method status="PASS" signature="testA()[pri:0, instance:ssc.MockitoTest@13b6d03]" name="testA" duration-ms="532" started-at="2020-08-12T00:02:46Z" finished-at="2020-08-12T00:02:47Z">
          <reporter-output>
          </reporter-output>
        </test-method> <!-- testA -->
        <test-method status="PASS" signature="testB()[pri:0, instance:ssc.MockitoTest@13b6d03]" name="testB" duration-ms="7" started-at="2020-08-12T00:02:47Z" finished-at="2020-08-12T00:02:47Z">
          <reporter-output>
          </reporter-output>
        </test-method> <!-- testB -->
      </class> <!-- ssc.MockitoTest -->
    </test> <!-- Default test -->
  </suite> <!-- Default suite -->
</testng-results>
